<?xml version="1.0" encoding="UTF-8"?>
<testsuite name="CalculatorScoopTest" tests="4" skipped="0" failures="0" errors="0" timestamp="2020-08-24T10:37:28" hostname="larsk-p73" time="0.004">
  <properties/>
  <testcase name="addition" classname="CalculatorScoopTest" time="0.0"/>
  <testcase name="toThePowerOf" classname="CalculatorScoopTest" time="0.002"/>
  <testcase name="multiply" classname="CalculatorScoopTest" time="0.001"/>
  <testcase name="history" classname="CalculatorScoopTest" time="0.0"/>
  <system-out><![CDATA[]]></system-out>
  <system-err><![CDATA[]]></system-err>
</testsuite>
